[     130ms] [LOG] [Fast Refresh] rebuilding @ http://localhost:3000/_next/static/chunks/0w58_next_dist_035anf_._.js:2431
[     805ms] [LOG] [Fast Refresh] done in 784ms @ http://localhost:3000/_next/static/chunks/0w58_next_dist_035anf_._.js:2431
[     900ms] [INFO] %cDownload the React DevTools for a better development experience: https://react.dev/link/react-devtools font-weight:bold @ http://localhost:3000/_next/static/chunks/0w58_next_dist_035anf_._.js:2431
[     949ms] [LOG] [HMR] connected @ http://localhost:3000/_next/static/chunks/0w58_next_dist_035anf_._.js:2431
[   35834ms] [WARNING] Detected `scroll-behavior: smooth` on the `<html>` element. To disable smooth scrolling during route transitions, add `data-scroll-behavior="smooth"` to your <html> element. Learn more: https://nextjs.org/docs/messages/missing-data-scroll-behavior @ http://localhost:3000/_next/static/chunks/0w58_next_dist_035anf_._.js:2431
[   39154ms] [LOG] [Fast Refresh] rebuilding @ http://localhost:3000/_next/static/chunks/0w58_next_dist_035anf_._.js:2431
[   39193ms] [LOG] [Fast Refresh] done in 142ms @ http://localhost:3000/_next/static/chunks/0w58_next_dist_035anf_._.js:2431
[   45189ms] [LOG] [Fast Refresh] rebuilding @ http://localhost:3000/_next/static/chunks/0w58_next_dist_035anf_._.js:2431
[   45201ms] [LOG] [Fast Refresh] done in 116ms @ http://localhost:3000/_next/static/chunks/0w58_next_dist_035anf_._.js:2431
[  112597ms] [LOG] [Fast Refresh] rebuilding @ http://localhost:3000/_next/static/chunks/0w58_next_dist_035anf_._.js:2431
[  112636ms] [LOG] [Fast Refresh] done in 144ms @ http://localhost:3000/_next/static/chunks/0w58_next_dist_035anf_._.js:2431
[  126303ms] [LOG] [Fast Refresh] rebuilding @ http://localhost:3000/_next/static/chunks/0w58_next_dist_035anf_._.js:2431
[  126333ms] [LOG] [Fast Refresh] done in 144ms @ http://localhost:3000/_next/static/chunks/0w58_next_dist_035anf_._.js:2431
[  133084ms] [VERBOSE] [DOM] Input elements should have autocomplete attributes (suggested: "current-password"): (More info: https://goo.gl/9p2vKq) %o @ http://localhost:3000/account/profile:0
[  133084ms] [VERBOSE] [DOM] Input elements should have autocomplete attributes (suggested: "new-password"): (More info: https://goo.gl/9p2vKq) %o @ http://localhost:3000/account/profile:0
[  133084ms] [VERBOSE] [DOM] Input elements should have autocomplete attributes (suggested: "new-password"): (More info: https://goo.gl/9p2vKq) %o @ http://localhost:3000/account/profile:0
[  133971ms] [LOG] [Fast Refresh] rebuilding @ http://localhost:3000/_next/static/chunks/0w58_next_dist_035anf_._.js:2431
[  134138ms] [LOG] [Fast Refresh] done in 251ms @ http://localhost:3000/_next/static/chunks/0w58_next_dist_035anf_._.js:2431
[  142904ms] [LOG] [Fast Refresh] rebuilding @ http://localhost:3000/_next/static/chunks/0w58_next_dist_035anf_._.js:2431
[  143150ms] [LOG] [Fast Refresh] done in 332ms @ http://localhost:3000/_next/static/chunks/0w58_next_dist_035anf_._.js:2431
